
ROM used:   2372/16384 (14%)
            2372/16384 (14%) including unused fragments

            0.7 Average locations per line
            3.8 Average locations per statement

RAM used:   25/768 (3%) at main() level
            38/768 (5%) worst case

Stack used: 6 worst case (6 in main + 0 for interrupts)
Stack size: 31

Lines Stmts  %   Files
----- ----- ---  -----
   81    47   8  main.c
  829     0   0  ..\..\..\..\..\..\..\..\..\Program Files (x86)\PICC\Devices\18F6490.h
   37     0   0  ..\..\..\..\..\..\..\..\..\Program Files (x86)\PICC\Drivers\stdio.h
  423     0   0  ..\..\..\..\..\..\..\..\..\Program Files (x86)\PICC\Drivers\string.h
   32     0   0  ..\..\..\..\..\..\..\..\..\Program Files (x86)\PICC\Drivers\stddef.h
   28     0   0  ..\..\..\..\..\..\..\..\..\Program Files (x86)\PICC\Drivers\ctype.h
 1351   359  58  ..\..\..\..\..\..\..\..\..\Program Files (x86)\PICC\Drivers\stdlib.h
  139   129  21  functions.h
  115    47   8  I2C_LCD.c
  135    40   6  ..\..\..\..\..\..\..\..\..\Program Files (x86)\PICC\Drivers\kbd.c
----- -----
 3170   622 Total

Page ROM  %  RAM   Vol Diff  Functions:
---- --- --- ---   --- ----  ----------
0     38   1    1             @delay_ms1
0     80   2    1             @I2C_WRITE_1
0     76   2    2   196  6.1  @MUL88
0    412   9    9  1815 10.5  atoi
0     50   1    2   153  2.7  LCD_Write_Nibble
0     32   1    2   104  2.6  LCD_Cmd
0     72   2    3   323  5.5  LCD_Goto
0     32   1    2   104  2.6  LCD_Out
0    114   2    1   502  2.9  LCD_Begin
0     58   1    2   123  2.3  Expander_Write
0     28   1    0     3  0.0  @const953
0      4   0    0     3  0.0  kbd_init
0    186   4    4  4540 10.2  kbd_getc
0     14   0    0             @const966
0     32   1    2             @PSTRINGC_944
0      2   0    0   380  5.0  @const968
0      2   0    0    80  1.5  @const969
0      2   0    0    80  1.5  @const970
0     36   1    0    80  1.5  CloseDoor
0     16   0    0  1347  4.9  @const972
0    214   5    2  1347  4.9  Lamps
0    262   6    2  1451  3.4  PassadorPag
0    350   7    2  1397  8.2  MAIN
0     14   0    0  1364  8.2  @const985
0      2   0    0  1451  3.4  @const986
0     12   0    0  1487  3.4  @const987
0     16   0    0             @const988
0     40   1    3             @DIV88
0    172   4    6             @PRINTF_D_944
 Inline         0             @cinit1

Program metrics:
    Functions               22
    Statements              622
    Comments                761
    Volume (V)              28661
    Difficulty (D)          93.7
    Effort to implement (E) 2686595
    Time to implement (T)   41 hours, 28 minutes
    Est Delivered Bugs (B)  6
    Cyclomatic Complexity   94
    Maintainability (MI)    94

 Segment     Used  Free
-----------  ----  ----
00000-00002     4  0  
00004-03FFE  2368  14012  



